  StartMenu.cpp
C:\Users\Parth\source\repos\SnakeGame\StartMenu.cpp(38,21): warning C4244: 'initializing': conversion from 'float' to 'int', possible loss of data
C:\Users\Parth\source\repos\SnakeGame\StartMenu.cpp(39,22): warning C4244: 'initializing': conversion from 'float' to 'int', possible loss of data
C:\Users\Parth\source\repos\SnakeGame\StartMenu.cpp(43,55): warning C4244: 'argument': conversion from 'float' to 'int', possible loss of data
C:\Users\Parth\source\repos\SnakeGame\StartMenu.cpp(44,85): warning C4244: 'argument': conversion from 'float' to 'int', possible loss of data
  main.cpp
C:\Users\Parth\source\repos\SnakeGame\main.cpp(86,47): warning C4244: 'argument': conversion from 'float' to 'int', possible loss of data
C:\Users\Parth\source\repos\SnakeGame\main.cpp(86,17): warning C4244: 'initializing': conversion from 'int' to 'float', possible loss of data
C:\Users\Parth\source\repos\SnakeGame\main.cpp(87,47): warning C4244: 'argument': conversion from 'float' to 'int', possible loss of data
C:\Users\Parth\source\repos\SnakeGame\main.cpp(87,17): warning C4244: 'initializing': conversion from 'int' to 'float', possible loss of data
C:\Users\Parth\source\repos\SnakeGame\main.cpp(177,62): warning C4244: 'argument': conversion from 'float' to 'int', possible loss of data
C:\Users\Parth\source\repos\SnakeGame\main.cpp(177,27): warning C4244: 'argument': conversion from 'float' to 'int', possible loss of data
C:\Users\Parth\source\repos\SnakeGame\main.cpp(236,44): warning C4244: 'argument': conversion from 'float' to 'int', possible loss of data
C:\Users\Parth\source\repos\SnakeGame\main.cpp(237,101): warning C4244: 'argument': conversion from 'float' to 'int', possible loss of data
C:\Users\Parth\source\repos\SnakeGame\main.cpp(237,66): warning C4244: 'argument': conversion from 'float' to 'int', possible loss of data
C:\Users\Parth\source\repos\SnakeGame\main.cpp(247,44): warning C4244: 'argument': conversion from 'float' to 'int', possible loss of data
C:\Users\Parth\source\repos\SnakeGame\main.cpp(248,101): warning C4244: 'argument': conversion from 'float' to 'int', possible loss of data
C:\Users\Parth\source\repos\SnakeGame\main.cpp(248,66): warning C4244: 'argument': conversion from 'float' to 'int', possible loss of data
C:\Users\Parth\source\repos\SnakeGame\main.cpp(252,29): warning C4244: 'initializing': conversion from 'float' to 'int', possible loss of data
C:\Users\Parth\source\repos\SnakeGame\main.cpp(253,30): warning C4244: 'initializing': conversion from 'float' to 'int', possible loss of data
C:\Users\Parth\source\repos\SnakeGame\main.cpp(278,44): warning C4244: 'argument': conversion from 'float' to 'int', possible loss of data
C:\Users\Parth\source\repos\SnakeGame\main.cpp(279,101): warning C4244: 'argument': conversion from 'float' to 'int', possible loss of data
C:\Users\Parth\source\repos\SnakeGame\main.cpp(279,66): warning C4244: 'argument': conversion from 'float' to 'int', possible loss of data
C:\Users\Parth\source\repos\SnakeGame\main.cpp(282,29): warning C4244: 'initializing': conversion from 'float' to 'int', possible loss of data
C:\Users\Parth\source\repos\SnakeGame\main.cpp(283,30): warning C4244: 'initializing': conversion from 'float' to 'int', possible loss of data
  Generating Code...
  SnakeGame.vcxproj -> C:\Users\Parth\source\repos\SnakeGame\x64\Debug\SnakeGame.exe
